<?xml version="1.0" encoding="UTF-8"?>
<!-- Generated by org.testng.reporters.JUnitReportReporter -->
<testsuite skipped="0" hostname="LAPTOP-US0OO9FE" name="com.Muntasirlab.demoProject.TestClass" tests="3" failures="0" timestamp="2020-05-09T13:36:15 IST" time="24.004" errors="0">
  <testcase name="Test3" time="8.542" classname="com.Muntasirlab.demoProject.TestClass"/>
  <system-out/>
  <testcase name="Test1" time="7.878" classname="com.Muntasirlab.demoProject.TestClass"/>
  <system-out/>
  <testcase name="Test2" time="7.584" classname="com.Muntasirlab.demoProject.TestClass"/>
  <system-out/>
</testsuite> <!-- com.Muntasirlab.demoProject.TestClass -->
