<?xml version="1.0" encoding="UTF-8"?>
<!-- Generated by org.testng.reporters.JUnitReportReporter -->
<testsuite skipped="0" hostname="LAPTOP-US0OO9FE" name="com.Muntasirlab.demoProject.TestClass" tests="3" failures="0" timestamp="09 May 2020 08:19:10 GMT" time="26.282" errors="0">
  <testcase name="Test1" time="7.724" classname="com.Muntasirlab.demoProject.TestClass"/>
  <testcase name="Test2" time="7.842" classname="com.Muntasirlab.demoProject.TestClass"/>
  <testcase name="Test3" time="10.716" classname="com.Muntasirlab.demoProject.TestClass"/>
</testsuite> <!-- com.Muntasirlab.demoProject.TestClass -->
